  [1m[35m (0.1ms)[0m  [1m[34mSELECT sqlite_version(*)[0m
  ↳ /home/sy/.rbenv/versions/2.5.1/bin/rake:23
  [1m[35m (103.5ms)[0m  [1m[35mCREATE TABLE "schema_migrations" ("version" varchar NOT NULL PRIMARY KEY)[0m
  ↳ /home/sy/.rbenv/versions/2.5.1/bin/rake:23
  [1m[35m (89.4ms)[0m  [1m[35mCREATE TABLE "ar_internal_metadata" ("key" varchar NOT NULL PRIMARY KEY, "value" varchar, "created_at" datetime NOT NULL, "updated_at" datetime NOT NULL)[0m
  ↳ /home/sy/.rbenv/versions/2.5.1/bin/rake:23
  [1m[35m (0.3ms)[0m  [1m[34mSELECT "schema_migrations"."version" FROM "schema_migrations" ORDER BY "schema_migrations"."version" ASC[0m
  ↳ /home/sy/.rbenv/versions/2.5.1/bin/rake:23
Migrating to CreateMessages (20181121172150)
  [1m[35m (0.1ms)[0m  [1m[36mbegin transaction[0m
  ↳ /home/sy/.rbenv/versions/2.5.1/bin/rake:23
  [1m[35m (0.4ms)[0m  [1m[35mCREATE TABLE "messages" ("id" integer PRIMARY KEY AUTOINCREMENT NOT NULL, "title" varchar, "description" text, "created_at" datetime NOT NULL, "updated_at" datetime NOT NULL)[0m
  ↳ db/migrate/20181121172150_create_messages.rb:3
  [1m[36mActiveRecord::SchemaMigration Create (0.3ms)[0m  [1m[32mINSERT INTO "schema_migrations" ("version") VALUES (?)[0m  [["version", "20181121172150"]]
  ↳ /home/sy/.rbenv/versions/2.5.1/bin/rake:23
  [1m[35m (82.9ms)[0m  [1m[36mcommit transaction[0m
  ↳ /home/sy/.rbenv/versions/2.5.1/bin/rake:23
  [1m[36mActiveRecord::InternalMetadata Load (0.2ms)[0m  [1m[34mSELECT  "ar_internal_metadata".* FROM "ar_internal_metadata" WHERE "ar_internal_metadata"."key" = ? LIMIT ?[0m  [["key", "environment"], ["LIMIT", 1]]
  ↳ /home/sy/.rbenv/versions/2.5.1/bin/rake:23
  [1m[35m (0.1ms)[0m  [1m[36mbegin transaction[0m
  ↳ /home/sy/.rbenv/versions/2.5.1/bin/rake:23
  [1m[36mActiveRecord::InternalMetadata Create (0.3ms)[0m  [1m[32mINSERT INTO "ar_internal_metadata" ("key", "value", "created_at", "updated_at") VALUES (?, ?, ?, ?)[0m  [["key", "environment"], ["value", "development"], ["created_at", "2018-11-21 17:26:42.067282"], ["updated_at", "2018-11-21 17:26:42.067282"]]
  ↳ /home/sy/.rbenv/versions/2.5.1/bin/rake:23
  [1m[35m (65.1ms)[0m  [1m[36mcommit transaction[0m
  ↳ /home/sy/.rbenv/versions/2.5.1/bin/rake:23
  [1m[35m (0.2ms)[0m  [1m[34mSELECT "schema_migrations"."version" FROM "schema_migrations" ORDER BY "schema_migrations"."version" ASC[0m
  ↳ /home/sy/.rbenv/versions/2.5.1/bin/rake:23
Started GET "/" for 127.0.0.1 at 2018-11-22 00:31:42 +0700
  [1m[35m (0.1ms)[0m  [1m[34mSELECT "schema_migrations"."version" FROM "schema_migrations" ORDER BY "schema_migrations"."version" ASC[0m
  ↳ /home/sy/.rbenv/versions/2.5.1/lib/ruby/gems/2.5.0/gems/activerecord-5.2.1/lib/active_record/log_subscriber.rb:98
Processing by MessagesController#index as HTML
  Rendering messages/index.html.erb within layouts/application
  Rendered messages/index.html.erb within layouts/application (1.2ms)
Completed 200 OK in 1616ms (Views: 1607.2ms | ActiveRecord: 0.0ms)


Started GET "/" for 127.0.0.1 at 2018-11-22 00:49:41 +0700
  [1m[35m (0.2ms)[0m  [1m[34mSELECT "schema_migrations"."version" FROM "schema_migrations" ORDER BY "schema_migrations"."version" ASC[0m
  ↳ /home/sy/.rbenv/versions/2.5.1/lib/ruby/gems/2.5.0/gems/activerecord-5.2.1/lib/active_record/log_subscriber.rb:98
Processing by MessagesController#index as HTML
  Rendering messages/index.html.erb within layouts/application
  Rendered messages/index.html.erb within layouts/application (6.6ms)
Completed 500 Internal Server Error in 3775ms (ActiveRecord: 0.0ms)


  
ActionView::Template::Error (couldn't find file 'jquery' with type 'application/javascript'
Checked in these paths: 
  /home/sy/Documents/ESPN_Forum/app/assets/config
  /home/sy/Documents/ESPN_Forum/app/assets/images
  /home/sy/Documents/ESPN_Forum/app/assets/javascripts
  /home/sy/Documents/ESPN_Forum/app/assets/stylesheets
  /home/sy/.rbenv/versions/2.5.1/lib/ruby/gems/2.5.0/gems/coffee-rails-4.2.2/lib/assets/javascripts
  /home/sy/.rbenv/versions/2.5.1/lib/ruby/gems/2.5.0/gems/actioncable-5.2.1/lib/assets/compiled
  /home/sy/.rbenv/versions/2.5.1/lib/ruby/gems/2.5.0/gems/activestorage-5.2.1/app/assets/javascripts
  /home/sy/.rbenv/versions/2.5.1/lib/ruby/gems/2.5.0/gems/actionview-5.2.1/lib/assets/compiled
  /home/sy/.rbenv/versions/2.5.1/lib/ruby/gems/2.5.0/gems/turbolinks-source-5.2.0/lib/assets/javascripts
  /home/sy/Documents/ESPN_Forum/node_modules
  /home/sy/.rbenv/versions/2.5.1/lib/ruby/gems/2.5.0/gems/bootstrap-sass-3.3.4.1/assets/stylesheets
  /home/sy/.rbenv/versions/2.5.1/lib/ruby/gems/2.5.0/gems/bootstrap-sass-3.3.4.1/assets/javascripts
  /home/sy/.rbenv/versions/2.5.1/lib/ruby/gems/2.5.0/gems/bootstrap-sass-3.3.4.1/assets/fonts
  /home/sy/.rbenv/versions/2.5.1/lib/ruby/gems/2.5.0/gems/bootstrap-sass-3.3.4.1/assets/images):
     5:     <%= csrf_meta_tags %>
     6:     <%= csp_meta_tag %>
     7: 
     8:     <%= stylesheet_link_tag    'application', media: 'all', 'data-turbolinks-track': 'reload' %>
     9:     <%= javascript_include_tag 'application', 'data-turbolinks-track': 'reload' %>
    10:   </head>
    11: 
  
app/assets/javascripts/application.js:13
app/views/layouts/application.html.erb:8:in `_app_views_layouts_application_html_erb___4610405771973405965_47338848599400'
Started GET "/" for 127.0.0.1 at 2018-11-22 00:50:41 +0700
  [1m[35m (0.2ms)[0m  [1m[34mSELECT "schema_migrations"."version" FROM "schema_migrations" ORDER BY "schema_migrations"."version" ASC[0m
  ↳ /home/sy/.rbenv/versions/2.5.1/lib/ruby/gems/2.5.0/gems/activerecord-5.2.1/lib/active_record/log_subscriber.rb:98
Processing by MessagesController#index as HTML
  Rendering messages/index.html.erb within layouts/application
  Rendered messages/index.html.erb within layouts/application (0.8ms)
Completed 200 OK in 2589ms (Views: 2580.3ms | ActiveRecord: 0.0ms)


Started GET "/" for 127.0.0.1 at 2018-11-22 00:54:30 +0700
  [1m[35m (0.4ms)[0m  [1m[34mSELECT "schema_migrations"."version" FROM "schema_migrations" ORDER BY "schema_migrations"."version" ASC[0m
  ↳ /home/sy/.rbenv/versions/2.5.1/lib/ruby/gems/2.5.0/gems/activerecord-5.2.1/lib/active_record/log_subscriber.rb:98
Processing by MessagesController#index as HTML
  Rendering messages/index.html.erb within layouts/application
  Rendered messages/index.html.erb within layouts/application (0.7ms)
Completed 200 OK in 329ms (Views: 318.9ms | ActiveRecord: 0.0ms)


Started GET "/message" for 127.0.0.1 at 2018-11-22 01:40:22 +0700
Started GET "/messages" for 127.0.0.1 at 2018-11-22 01:40:32 +0700
  
ActionController::RoutingError (No route matches [GET] "/message"):
  
actionpack (5.2.1) lib/action_dispatch/middleware/debug_exceptions.rb:65:in `call'
web-console (3.7.0) lib/web_console/middleware.rb:135:in `call_app'
web-console (3.7.0) lib/web_console/middleware.rb:30:in `block in call'
web-console (3.7.0) lib/web_console/middleware.rb:20:in `catch'
web-console (3.7.0) lib/web_console/middleware.rb:20:in `call'
actionpack (5.2.1) lib/action_dispatch/middleware/show_exceptions.rb:33:in `call'
railties (5.2.1) lib/rails/rack/logger.rb:38:in `call_app'
railties (5.2.1) lib/rails/rack/logger.rb:26:in `block in call'
activesupport (5.2.1) lib/active_support/tagged_logging.rb:71:in `block in tagged'
activesupport (5.2.1) lib/active_support/tagged_logging.rb:28:in `tagged'
activesupport (5.2.1) lib/active_support/tagged_logging.rb:71:in `tagged'
railties (5.2.1) lib/rails/rack/logger.rb:26:in `call'
sprockets-rails (3.2.1) lib/sprockets/rails/quiet_assets.rb:13:in `call'
actionpack (5.2.1) lib/action_dispatch/middleware/remote_ip.rb:81:in `call'
actionpack (5.2.1) lib/action_dispatch/middleware/request_id.rb:27:in `call'
rack (2.0.6) lib/rack/method_override.rb:22:in `call'
rack (2.0.6) lib/rack/runtime.rb:22:in `call'
activesupport (5.2.1) lib/active_support/cache/strategy/local_cache_middleware.rb:29:in `call'
actionpack (5.2.1) lib/action_dispatch/middleware/executor.rb:14:in `call'
actionpack (5.2.1) lib/action_dispatch/middleware/static.rb:127:in `call'
rack (2.0.6) lib/rack/sendfile.rb:111:in `call'
railties (5.2.1) lib/rails/engine.rb:524:in `call'
puma (3.12.0) lib/puma/configuration.rb:225:in `call'
puma (3.12.0) lib/puma/server.rb:658:in `handle_request'
puma (3.12.0) lib/puma/server.rb:472:in `process_client'
puma (3.12.0) lib/puma/server.rb:332:in `block in run'
puma (3.12.0) lib/puma/thread_pool.rb:133:in `block in spawn_thread'
Processing by MessagesController#index as HTML
  Rendering messages/index.html.erb within layouts/application
  Rendered messages/index.html.erb within layouts/application (0.3ms)
Completed 200 OK in 67ms (Views: 65.5ms | ActiveRecord: 0.0ms)


Started GET "/messages/new" for 127.0.0.1 at 2018-11-22 01:40:38 +0700
Processing by MessagesController#new as HTML
  Rendering messages/new.html.erb within layouts/application
  Rendered messages/_form.html.erb (335.2ms)
  Rendered messages/new.html.erb within layouts/application (337.4ms)
Completed 200 OK in 491ms (Views: 399.2ms | ActiveRecord: 0.8ms)


Started POST "/messages" for 127.0.0.1 at 2018-11-22 01:40:44 +0700
Processing by MessagesController#create as HTML
  Parameters: {"utf8"=>"✓", "authenticity_token"=>"lrxI4V+M5KA2uMtTOEHcR+pP2YYaH3I8qLY+tTKVxZX4daTq+H2VWQ/6HtcQIWqgVWFDsGuGkR7K2+GkmgJu+A==", "message"=>{"title"=>"", "description"=>""}, "commit"=>"Create Message"}
  [1m[35m (0.2ms)[0m  [1m[36mbegin transaction[0m
  ↳ app/controllers/messages_controller.rb:12
  [1m[36mMessage Create (18.5ms)[0m  [1m[32mINSERT INTO "messages" ("title", "description", "created_at", "updated_at") VALUES (?, ?, ?, ?)[0m  [["title", ""], ["description", ""], ["created_at", "2018-11-21 18:40:44.289719"], ["updated_at", "2018-11-21 18:40:44.289719"]]
  ↳ app/controllers/messages_controller.rb:12
  [1m[35m (48.3ms)[0m  [1m[36mcommit transaction[0m
  ↳ app/controllers/messages_controller.rb:12
Redirected to http://localhost:3000/
Completed 302 Found in 74ms (ActiveRecord: 67.0ms)


Started GET "/" for 127.0.0.1 at 2018-11-22 01:40:44 +0700
Processing by MessagesController#index as HTML
  Rendering messages/index.html.erb within layouts/application
  Rendered messages/index.html.erb within layouts/application (0.4ms)
Completed 200 OK in 55ms (Views: 53.5ms | ActiveRecord: 0.0ms)


